<?xml version="1.0" encoding="UTF-8"?>
<testsuite xmlns:xsi="http://www.w3.org/2001/XMLSchema-instance" xsi:noNamespaceSchemaLocation="https://maven.apache.org/surefire/maven-surefire-plugin/xsd/surefire-test-report.xsd" version="3.0.2" name="week3.tdd.CalculatorTest" time="0.053" tests="2" errors="0" skipped="0" failures="0">
  <properties>
[...]
</properties>
  <testcase name="subtract_shouldReturnDifferenceOfTwoNumbers" classname="week3.tdd.CalculatorTest" time="0.002"/>
  <testcase name="add_shouldReturnSumOfTwoNumbers" classname="week3.tdd.CalculatorTest" time="0.0"/>
</testsuite>